  [1m[36mUser Load (0.5ms)[0m  [1m[34mSELECT  "users".* FROM "users" LIMIT ?[0m  [["LIMIT", 11]]
  [1m[36mUser Load (0.8ms)[0m  [1m[34mSELECT  "users".* FROM "users" LIMIT ?[0m  [["LIMIT", 11]]
  [1m[35m (0.1ms)[0m  [1m[34mSELECT sqlite_version(*)[0m
  ↳ /Users/dkaczmarczyk/.rvm/rubies/ruby-2.6.1/lib/ruby/gems/2.6.0/gems/rake-12.3.2/lib/rake/task.rb:273
  [1m[35m (1.4ms)[0m  [1m[35mCREATE TABLE "schema_migrations" ("version" varchar NOT NULL PRIMARY KEY)[0m
  ↳ /Users/dkaczmarczyk/.rvm/rubies/ruby-2.6.1/lib/ruby/gems/2.6.0/gems/rake-12.3.2/lib/rake/task.rb:273
  [1m[35m (1.2ms)[0m  [1m[35mCREATE TABLE "ar_internal_metadata" ("key" varchar NOT NULL PRIMARY KEY, "value" varchar, "created_at" datetime NOT NULL, "updated_at" datetime NOT NULL)[0m
  ↳ /Users/dkaczmarczyk/.rvm/rubies/ruby-2.6.1/lib/ruby/gems/2.6.0/gems/rake-12.3.2/lib/rake/task.rb:273
  [1m[35m (0.2ms)[0m  [1m[34mSELECT "schema_migrations"."version" FROM "schema_migrations" ORDER BY "schema_migrations"."version" ASC[0m
  ↳ /Users/dkaczmarczyk/.rvm/rubies/ruby-2.6.1/lib/ruby/gems/2.6.0/gems/rake-12.3.2/lib/rake/task.rb:273
Migrating to CreateUsers (20190319133602)
  [1m[35m (0.0ms)[0m  [1m[36mbegin transaction[0m
  ↳ /Users/dkaczmarczyk/.rvm/rubies/ruby-2.6.1/lib/ruby/gems/2.6.0/gems/rake-12.3.2/lib/rake/task.rb:273
  [1m[35m (0.3ms)[0m  [1m[35mCREATE TABLE "users" ("id" integer PRIMARY KEY AUTOINCREMENT NOT NULL, "name" varchar, "created_at" datetime NOT NULL, "updated_at" datetime NOT NULL)[0m
  ↳ db/migrate/20190319133602_create_users.rb:3
  [1m[36mActiveRecord::SchemaMigration Create (0.2ms)[0m  [1m[32mINSERT INTO "schema_migrations" ("version") VALUES (?)[0m  [["version", "20190319133602"]]
  ↳ /Users/dkaczmarczyk/.rvm/rubies/ruby-2.6.1/lib/ruby/gems/2.6.0/gems/rake-12.3.2/lib/rake/task.rb:273
  [1m[35m (1.0ms)[0m  [1m[36mcommit transaction[0m
  ↳ /Users/dkaczmarczyk/.rvm/rubies/ruby-2.6.1/lib/ruby/gems/2.6.0/gems/rake-12.3.2/lib/rake/task.rb:273
Migrating to CreatePosts (20190319133807)
  [1m[35m (0.1ms)[0m  [1m[36mbegin transaction[0m
  ↳ /Users/dkaczmarczyk/.rvm/rubies/ruby-2.6.1/lib/ruby/gems/2.6.0/gems/rake-12.3.2/lib/rake/task.rb:273
  [1m[35m (0.6ms)[0m  [1m[35mCREATE TABLE "posts" ("id" integer PRIMARY KEY AUTOINCREMENT NOT NULL, "title" varchar, "content" varchar, "user_id" integer, "created_at" datetime NOT NULL, "updated_at" datetime NOT NULL)[0m
  ↳ db/migrate/20190319133807_create_posts.rb:3
  [1m[36mActiveRecord::SchemaMigration Create (0.2ms)[0m  [1m[32mINSERT INTO "schema_migrations" ("version") VALUES (?)[0m  [["version", "20190319133807"]]
  ↳ /Users/dkaczmarczyk/.rvm/rubies/ruby-2.6.1/lib/ruby/gems/2.6.0/gems/rake-12.3.2/lib/rake/task.rb:273
  [1m[35m (1.1ms)[0m  [1m[36mcommit transaction[0m
  ↳ /Users/dkaczmarczyk/.rvm/rubies/ruby-2.6.1/lib/ruby/gems/2.6.0/gems/rake-12.3.2/lib/rake/task.rb:273
  [1m[36mActiveRecord::InternalMetadata Load (0.2ms)[0m  [1m[34mSELECT  "ar_internal_metadata".* FROM "ar_internal_metadata" WHERE "ar_internal_metadata"."key" = ? LIMIT ?[0m  [["key", "environment"], ["LIMIT", 1]]
  ↳ /Users/dkaczmarczyk/.rvm/rubies/ruby-2.6.1/lib/ruby/gems/2.6.0/gems/rake-12.3.2/lib/rake/task.rb:273
  [1m[35m (0.0ms)[0m  [1m[36mbegin transaction[0m
  ↳ /Users/dkaczmarczyk/.rvm/rubies/ruby-2.6.1/lib/ruby/gems/2.6.0/gems/rake-12.3.2/lib/rake/task.rb:273
  [1m[36mActiveRecord::InternalMetadata Create (0.3ms)[0m  [1m[32mINSERT INTO "ar_internal_metadata" ("key", "value", "created_at", "updated_at") VALUES (?, ?, ?, ?)[0m  [["key", "environment"], ["value", "development"], ["created_at", "2019-03-19 13:39:11.173566"], ["updated_at", "2019-03-19 13:39:11.173566"]]
  ↳ /Users/dkaczmarczyk/.rvm/rubies/ruby-2.6.1/lib/ruby/gems/2.6.0/gems/rake-12.3.2/lib/rake/task.rb:273
  [1m[35m (1.2ms)[0m  [1m[36mcommit transaction[0m
  ↳ /Users/dkaczmarczyk/.rvm/rubies/ruby-2.6.1/lib/ruby/gems/2.6.0/gems/rake-12.3.2/lib/rake/task.rb:273
  [1m[35m (0.1ms)[0m  [1m[34mSELECT "schema_migrations"."version" FROM "schema_migrations" ORDER BY "schema_migrations"."version" ASC[0m
  ↳ /Users/dkaczmarczyk/.rvm/rubies/ruby-2.6.1/lib/ruby/gems/2.6.0/gems/rake-12.3.2/lib/rake/task.rb:273
  [1m[36mUser Load (0.6ms)[0m  [1m[34mSELECT  "users".* FROM "users" LIMIT ?[0m  [["LIMIT", 11]]
  [1m[36mPost Load (0.2ms)[0m  [1m[34mSELECT  "posts".* FROM "posts" LIMIT ?[0m  [["LIMIT", 11]]
  [1m[35m (0.1ms)[0m  [1m[36mbegin transaction[0m
  [1m[36mUser Create (1.0ms)[0m  [1m[32mINSERT INTO "users" ("name", "created_at", "updated_at") VALUES (?, ?, ?)[0m  [["name", "dan"], ["created_at", "2019-03-19 13:39:37.828301"], ["updated_at", "2019-03-19 13:39:37.828301"]]
  [1m[35m (3.5ms)[0m  [1m[36mcommit transaction[0m
  [1m[35m (0.1ms)[0m  [1m[36mbegin transaction[0m
  [1m[36mUser Create (1.9ms)[0m  [1m[32mINSERT INTO "users" ("name", "created_at", "updated_at") VALUES (?, ?, ?)[0m  [["name", "wachira"], ["created_at", "2019-03-19 13:39:42.635892"], ["updated_at", "2019-03-19 13:39:42.635892"]]
  [1m[35m (2.8ms)[0m  [1m[36mcommit transaction[0m
  [1m[35m (0.0ms)[0m  [1m[36mbegin transaction[0m
  [1m[36mUser Load (0.2ms)[0m  [1m[34mSELECT  "users".* FROM "users" WHERE "users"."id" = ? LIMIT ?[0m  [["id", 1], ["LIMIT", 1]]
  [1m[36mPost Create (0.5ms)[0m  [1m[32mINSERT INTO "posts" ("title", "content", "user_id", "created_at", "updated_at") VALUES (?, ?, ?, ?, ?)[0m  [["title", "test1"], ["content", "this is a test blogpost"], ["user_id", 1], ["created_at", "2019-03-19 13:40:05.636349"], ["updated_at", "2019-03-19 13:40:05.636349"]]
  [1m[35m (0.7ms)[0m  [1m[36mcommit transaction[0m
  [1m[36mUser Load (0.4ms)[0m  [1m[34mSELECT "users".* FROM "users"[0m
  [1m[35m (0.1ms)[0m  [1m[36mbegin transaction[0m
  [1m[36mUser Load (0.1ms)[0m  [1m[34mSELECT  "users".* FROM "users" WHERE "users"."id" = ? LIMIT ?[0m  [["id", 1], ["LIMIT", 1]]
  [1m[36mPost Create (0.4ms)[0m  [1m[32mINSERT INTO "posts" ("title", "content", "user_id", "created_at", "updated_at") VALUES (?, ?, ?, ?, ?)[0m  [["title", "test2"], ["content", "this is a test blogpost nubmer 2"], ["user_id", 1], ["created_at", "2019-03-19 13:40:25.057668"], ["updated_at", "2019-03-19 13:40:25.057668"]]
  [1m[35m (2.6ms)[0m  [1m[36mcommit transaction[0m
  [1m[36mUser Load (0.4ms)[0m  [1m[34mSELECT  "users".* FROM "users" ORDER BY "users"."id" ASC LIMIT ?[0m  [["LIMIT", 1]]
  [1m[36mPost Load (0.2ms)[0m  [1m[34mSELECT  "posts".* FROM "posts" WHERE "posts"."user_id" = ? LIMIT ?[0m  [["user_id", 1], ["LIMIT", 11]]
  [1m[36mPost Load (0.4ms)[0m  [1m[34mSELECT "posts".* FROM "posts"[0m
  [1m[35m (0.1ms)[0m  [1m[36mbegin transaction[0m
  [1m[36mUser Load (0.2ms)[0m  [1m[34mSELECT  "users".* FROM "users" WHERE "users"."id" = ? LIMIT ?[0m  [["id", 3], ["LIMIT", 1]]
  [1m[35m (0.1ms)[0m  [1m[31mrollback transaction[0m
  [1m[36mPost Load (0.3ms)[0m  [1m[34mSELECT "posts".* FROM "posts" WHERE "posts"."user_id" = ?[0m  [["user_id", 1]]
  [1m[35m (0.1ms)[0m  [1m[36mbegin transaction[0m
  [1m[36mUser Destroy (0.4ms)[0m  [1m[31mDELETE FROM "users" WHERE "users"."id" = ?[0m  [["id", 1]]
  [1m[35m (2.2ms)[0m  [1m[36mcommit transaction[0m
  [1m[36mUser Load (0.3ms)[0m  [1m[34mSELECT  "users".* FROM "users" LIMIT ?[0m  [["LIMIT", 11]]
  [1m[36mPost Load (0.4ms)[0m  [1m[34mSELECT  "posts".* FROM "posts" ORDER BY "posts"."id" ASC LIMIT ?[0m  [["LIMIT", 1]]
  [1m[36mUser Load (0.3ms)[0m  [1m[34mSELECT  "users".* FROM "users" WHERE "users"."name" = ? LIMIT ?[0m  [["name", "wachira"], ["LIMIT", 1]]
  [1m[35m (0.1ms)[0m  [1m[36mbegin transaction[0m
  [1m[35m (0.0ms)[0m  [1m[31mrollback transaction[0m
  [1m[36mUser Load (0.2ms)[0m  [1m[34mSELECT  "users".* FROM "users" WHERE "users"."name" = ? LIMIT ?[0m  [["name", "wachira"], ["LIMIT", 1]]
  [1m[35m (0.1ms)[0m  [1m[36mbegin transaction[0m
  [1m[35m (0.1ms)[0m  [1m[31mrollback transaction[0m
  [1m[35m (0.1ms)[0m  [1m[36mbegin transaction[0m
  [1m[36mUser Load (0.1ms)[0m  [1m[34mSELECT  "users".* FROM "users" WHERE "users"."id" = ? LIMIT ?[0m  [["id", 2], ["LIMIT", 1]]
  [1m[36mPost Create (0.6ms)[0m  [1m[32mINSERT INTO "posts" ("title", "content", "user_id", "created_at", "updated_at") VALUES (?, ?, ?, ?, ?)[0m  [["title", "wachiras post 1"], ["content", "afsddfasfads"], ["user_id", 2], ["created_at", "2019-03-19 13:44:17.101090"], ["updated_at", "2019-03-19 13:44:17.101090"]]
  [1m[35m (2.0ms)[0m  [1m[36mcommit transaction[0m
  [1m[36mUser Load (0.3ms)[0m  [1m[34mSELECT  "users".* FROM "users" ORDER BY "users"."id" ASC LIMIT ?[0m  [["LIMIT", 1]]
  [1m[36mUser Load (0.2ms)[0m  [1m[34mSELECT  "users".* FROM "users" ORDER BY "users"."id" ASC LIMIT ?[0m  [["LIMIT", 1]]
  [1m[36mPost Load (0.3ms)[0m  [1m[34mSELECT  "posts".* FROM "posts" WHERE "posts"."user_id" = ? LIMIT ?[0m  [["user_id", 2], ["LIMIT", 11]]
  [1m[36mPost Load (0.4ms)[0m  [1m[34mSELECT  "posts".* FROM "posts" WHERE "posts"."user_id" = ? ORDER BY "posts"."id" ASC LIMIT ?[0m  [["user_id", 2], ["LIMIT", 1]]
  [1m[36mPost Load (0.3ms)[0m  [1m[34mSELECT  "posts".* FROM "posts" WHERE "posts"."user_id" = ? ORDER BY "posts"."id" ASC LIMIT ?[0m  [["user_id", 2], ["LIMIT", 1]]
  [1m[36mPost Load (0.2ms)[0m  [1m[34mSELECT  "posts".* FROM "posts" WHERE "posts"."user_id" = ? ORDER BY "posts"."id" ASC LIMIT ?[0m  [["user_id", 2], ["LIMIT", 1]]
  [1m[36mPost Load (0.2ms)[0m  [1m[34mSELECT  "posts".* FROM "posts" WHERE "posts"."user_id" = ? ORDER BY "posts"."id" ASC LIMIT ?[0m  [["user_id", 2], ["LIMIT", 1]]
  [1m[36mPost Load (0.3ms)[0m  [1m[34mSELECT  "posts".* FROM "posts" WHERE "posts"."user_id" = ? ORDER BY "posts"."id" ASC LIMIT ?[0m  [["user_id", 2], ["LIMIT", 1]]
  [1m[36mPost Load (0.1ms)[0m  [1m[34mSELECT  "posts".* FROM "posts" ORDER BY "posts"."id" ASC LIMIT ?[0m  [["LIMIT", 1]]
  [1m[36mPost Load (0.3ms)[0m  [1m[34mSELECT  "posts".* FROM "posts" ORDER BY "posts"."id" ASC LIMIT ?[0m  [["LIMIT", 1]]
  [1m[36mUser Load (0.2ms)[0m  [1m[34mSELECT  "users".* FROM "users" WHERE "users"."id" = ? LIMIT ?[0m  [["id", 1], ["LIMIT", 1]]
  [1m[36mPost Load (0.2ms)[0m  [1m[34mSELECT  "posts".* FROM "posts" ORDER BY "posts"."id" ASC LIMIT ?[0m  [["LIMIT", 1]]
  [1m[36mUser Load (0.2ms)[0m  [1m[34mSELECT  "users".* FROM "users" WHERE "users"."id" = ? LIMIT ?[0m  [["id", 1], ["LIMIT", 1]]
  [1m[36mPost Load (0.5ms)[0m  [1m[34mSELECT "posts".* FROM "posts"[0m
  [1m[35m (0.1ms)[0m  [1m[36mbegin transaction[0m
  [1m[36mPost Destroy (0.6ms)[0m  [1m[31mDELETE FROM "posts" WHERE "posts"."id" = ?[0m  [["id", 1]]
  [1m[35m (2.5ms)[0m  [1m[36mcommit transaction[0m
  [1m[35m (0.1ms)[0m  [1m[36mbegin transaction[0m
  [1m[36mPost Destroy (0.4ms)[0m  [1m[31mDELETE FROM "posts" WHERE "posts"."id" = ?[0m  [["id", 2]]
  [1m[35m (0.6ms)[0m  [1m[36mcommit transaction[0m
  [1m[35m (0.0ms)[0m  [1m[36mbegin transaction[0m
  [1m[36mPost Destroy (0.3ms)[0m  [1m[31mDELETE FROM "posts" WHERE "posts"."id" = ?[0m  [["id", 3]]
  [1m[35m (0.6ms)[0m  [1m[36mcommit transaction[0m
  [1m[36mPost Load (0.4ms)[0m  [1m[34mSELECT  "posts".* FROM "posts" LIMIT ?[0m  [["LIMIT", 11]]
  [1m[35m (0.1ms)[0m  [1m[36mbegin transaction[0m
  [1m[36mUser Create (0.5ms)[0m  [1m[32mINSERT INTO "users" ("name", "created_at", "updated_at") VALUES (?, ?, ?)[0m  [["name", "dan"], ["created_at", "2019-03-19 13:48:14.656325"], ["updated_at", "2019-03-19 13:48:14.656325"]]
  [1m[35m (2.5ms)[0m  [1m[36mcommit transaction[0m
  [1m[35m (0.1ms)[0m  [1m[36mbegin transaction[0m
  [1m[36mUser Load (0.2ms)[0m  [1m[34mSELECT  "users".* FROM "users" WHERE "users"."id" = ? LIMIT ?[0m  [["id", 3], ["LIMIT", 1]]
  [1m[36mPost Create (0.3ms)[0m  [1m[32mINSERT INTO "posts" ("title", "content", "user_id", "created_at", "updated_at") VALUES (?, ?, ?, ?, ?)[0m  [["title", "dans post 1"], ["content", "afsddfasfads"], ["user_id", 3], ["created_at", "2019-03-19 13:48:42.899491"], ["updated_at", "2019-03-19 13:48:42.899491"]]
  [1m[35m (1.7ms)[0m  [1m[36mcommit transaction[0m
  [1m[35m (0.1ms)[0m  [1m[36mbegin transaction[0m
  [1m[36mUser Load (0.2ms)[0m  [1m[34mSELECT  "users".* FROM "users" WHERE "users"."id" = ? LIMIT ?[0m  [["id", 3], ["LIMIT", 1]]
  [1m[36mPost Create (0.5ms)[0m  [1m[32mINSERT INTO "posts" ("title", "content", "user_id", "created_at", "updated_at") VALUES (?, ?, ?, ?, ?)[0m  [["title", "dans post 2"], ["content", "afsddfasfads"], ["user_id", 3], ["created_at", "2019-03-19 13:48:46.027119"], ["updated_at", "2019-03-19 13:48:46.027119"]]
  [1m[35m (1.1ms)[0m  [1m[36mcommit transaction[0m
  [1m[35m (0.1ms)[0m  [1m[36mbegin transaction[0m
  [1m[36mUser Load (0.2ms)[0m  [1m[34mSELECT  "users".* FROM "users" WHERE "users"."id" = ? LIMIT ?[0m  [["id", 3], ["LIMIT", 1]]
  [1m[36mPost Create (0.7ms)[0m  [1m[32mINSERT INTO "posts" ("title", "content", "user_id", "created_at", "updated_at") VALUES (?, ?, ?, ?, ?)[0m  [["title", "dans post 3"], ["content", "afsddfasfads"], ["user_id", 3], ["created_at", "2019-03-19 13:48:48.526303"], ["updated_at", "2019-03-19 13:48:48.526303"]]
  [1m[35m (2.4ms)[0m  [1m[36mcommit transaction[0m
  [1m[36mUser Load (0.2ms)[0m  [1m[34mSELECT  "users".* FROM "users" WHERE "users"."name" = ? LIMIT ?[0m  [["name", "dan"], ["LIMIT", 1]]
  [1m[36mPost Load (0.1ms)[0m  [1m[34mSELECT  "posts".* FROM "posts" WHERE "posts"."user_id" = ? LIMIT ?[0m  [["user_id", 3], ["LIMIT", 11]]
  [1m[35m (0.3ms)[0m  [1m[34mSELECT COUNT(*) FROM "posts" WHERE "posts"."user_id" = ?[0m  [["user_id", 3]]
  [1m[35m (0.1ms)[0m  [1m[36mbegin transaction[0m
  [1m[36mPost Load (0.4ms)[0m  [1m[34mSELECT "posts".* FROM "posts" WHERE "posts"."user_id" = ?[0m  [["user_id", 3]]
  [1m[36mPost Destroy (0.8ms)[0m  [1m[31mDELETE FROM "posts" WHERE "posts"."id" = ?[0m  [["id", 4]]
  [1m[36mPost Destroy (0.2ms)[0m  [1m[31mDELETE FROM "posts" WHERE "posts"."id" = ?[0m  [["id", 5]]
  [1m[36mPost Destroy (0.1ms)[0m  [1m[31mDELETE FROM "posts" WHERE "posts"."id" = ?[0m  [["id", 6]]
  [1m[36mUser Destroy (0.2ms)[0m  [1m[31mDELETE FROM "users" WHERE "users"."id" = ?[0m  [["id", 3]]
  [1m[35m (2.9ms)[0m  [1m[36mcommit transaction[0m
  [1m[36mPost Load (0.2ms)[0m  [1m[34mSELECT  "posts".* FROM "posts" LIMIT ?[0m  [["LIMIT", 11]]
  [1m[36mUser Load (0.2ms)[0m  [1m[34mSELECT  "users".* FROM "users" LIMIT ?[0m  [["LIMIT", 11]]
  [1m[35m (0.1ms)[0m  [1m[36mbegin transaction[0m
  [1m[36mUser Load (0.3ms)[0m  [1m[34mSELECT  "users".* FROM "users" WHERE "users"."id" = ? LIMIT ?[0m  [["id", 2], ["LIMIT", 1]]
  [1m[36mPost Create (0.5ms)[0m  [1m[32mINSERT INTO "posts" ("title", "content", "user_id", "created_at", "updated_at") VALUES (?, ?, ?, ?, ?)[0m  [["title", "postW1"], ["content", "sdafadsads"], ["user_id", 2], ["created_at", "2019-03-19 13:53:43.532271"], ["updated_at", "2019-03-19 13:53:43.532271"]]
  [1m[35m (2.5ms)[0m  [1m[36mcommit transaction[0m
  [1m[35m (0.1ms)[0m  [1m[36mbegin transaction[0m
  [1m[36mUser Load (0.2ms)[0m  [1m[34mSELECT  "users".* FROM "users" WHERE "users"."id" = ? LIMIT ?[0m  [["id", 2], ["LIMIT", 1]]
  [1m[36mPost Create (0.4ms)[0m  [1m[32mINSERT INTO "posts" ("title", "content", "user_id", "created_at", "updated_at") VALUES (?, ?, ?, ?, ?)[0m  [["title", "postW2"], ["content", "sdafadsadfsdafdssads"], ["user_id", 2], ["created_at", "2019-03-19 13:53:43.538067"], ["updated_at", "2019-03-19 13:53:43.538067"]]
  [1m[35m (1.2ms)[0m  [1m[36mcommit transaction[0m
  [1m[35m (0.1ms)[0m  [1m[36mbegin transaction[0m
  [1m[36mUser Load (0.2ms)[0m  [1m[34mSELECT  "users".* FROM "users" WHERE "users"."id" = ? LIMIT ?[0m  [["id", 2], ["LIMIT", 1]]
  [1m[36mPost Create (0.3ms)[0m  [1m[32mINSERT INTO "posts" ("title", "content", "user_id", "created_at", "updated_at") VALUES (?, ?, ?, ?, ?)[0m  [["title", "postW3"], ["content", "sdafadsadfsdafdssads"], ["user_id", 2], ["created_at", "2019-03-19 13:53:43.541933"], ["updated_at", "2019-03-19 13:53:43.541933"]]
  [1m[35m (0.6ms)[0m  [1m[36mcommit transaction[0m
Started GET "/posts" for 127.0.0.1 at 2019-03-19 13:57:23 +0000
  [1m[35m (0.1ms)[0m  [1m[34mSELECT "schema_migrations"."version" FROM "schema_migrations" ORDER BY "schema_migrations"."version" ASC[0m
  ↳ /Users/dkaczmarczyk/.rvm/gems/ruby-2.6.1/gems/activerecord-5.2.2.1/lib/active_record/log_subscriber.rb:98
Processing by PostsController#index as HTML
  Rendering posts/index.html.erb within layouts/application
  [1m[36mPost Load (0.2ms)[0m  [1m[34mSELECT "posts".* FROM "posts"[0m
  ↳ app/views/posts/index.html.erb:5
  Rendered posts/index.html.erb within layouts/application (14.1ms)
Completed 200 OK in 723ms (Views: 714.0ms | ActiveRecord: 0.9ms)


Started GET "/posts" for 127.0.0.1 at 2019-03-19 13:58:01 +0000
Processing by PostsController#index as HTML
  Rendering posts/index.html.erb within layouts/application
  [1m[36mPost Load (0.3ms)[0m  [1m[34mSELECT "posts".* FROM "posts"[0m
  ↳ app/views/posts/index.html.erb:5
  Rendered posts/index.html.erb within layouts/application (3.0ms)
Completed 200 OK in 25ms (Views: 21.9ms | ActiveRecord: 0.5ms)


Started GET "/posts/7" for 127.0.0.1 at 2019-03-19 13:58:36 +0000
  
AbstractController::ActionNotFound (The action 'show' could not be found for PostsController):
  
actionpack (5.2.2.1) lib/abstract_controller/base.rb:129:in `process'
actionview (5.2.2.1) lib/action_view/rendering.rb:32:in `process'
actionpack (5.2.2.1) lib/action_controller/metal.rb:191:in `dispatch'
actionpack (5.2.2.1) lib/action_controller/metal.rb:252:in `dispatch'
actionpack (5.2.2.1) lib/action_dispatch/routing/route_set.rb:52:in `dispatch'
actionpack (5.2.2.1) lib/action_dispatch/routing/route_set.rb:34:in `serve'
actionpack (5.2.2.1) lib/action_dispatch/journey/router.rb:52:in `block in serve'
actionpack (5.2.2.1) lib/action_dispatch/journey/router.rb:35:in `each'
actionpack (5.2.2.1) lib/action_dispatch/journey/router.rb:35:in `serve'
actionpack (5.2.2.1) lib/action_dispatch/routing/route_set.rb:840:in `call'
rack (2.0.6) lib/rack/tempfile_reaper.rb:15:in `call'
rack (2.0.6) lib/rack/etag.rb:25:in `call'
rack (2.0.6) lib/rack/conditional_get.rb:25:in `call'
rack (2.0.6) lib/rack/head.rb:12:in `call'
actionpack (5.2.2.1) lib/action_dispatch/http/content_security_policy.rb:18:in `call'
rack (2.0.6) lib/rack/session/abstract/id.rb:232:in `context'
rack (2.0.6) lib/rack/session/abstract/id.rb:226:in `call'
actionpack (5.2.2.1) lib/action_dispatch/middleware/cookies.rb:670:in `call'
activerecord (5.2.2.1) lib/active_record/migration.rb:559:in `call'
actionpack (5.2.2.1) lib/action_dispatch/middleware/callbacks.rb:28:in `block in call'
activesupport (5.2.2.1) lib/active_support/callbacks.rb:98:in `run_callbacks'
actionpack (5.2.2.1) lib/action_dispatch/middleware/callbacks.rb:26:in `call'
actionpack (5.2.2.1) lib/action_dispatch/middleware/executor.rb:14:in `call'
actionpack (5.2.2.1) lib/action_dispatch/middleware/debug_exceptions.rb:61:in `call'
web-console (3.7.0) lib/web_console/middleware.rb:135:in `call_app'
web-console (3.7.0) lib/web_console/middleware.rb:30:in `block in call'
web-console (3.7.0) lib/web_console/middleware.rb:20:in `catch'
web-console (3.7.0) lib/web_console/middleware.rb:20:in `call'
actionpack (5.2.2.1) lib/action_dispatch/middleware/show_exceptions.rb:33:in `call'
railties (5.2.2.1) lib/rails/rack/logger.rb:38:in `call_app'
railties (5.2.2.1) lib/rails/rack/logger.rb:26:in `block in call'
activesupport (5.2.2.1) lib/active_support/tagged_logging.rb:71:in `block in tagged'
activesupport (5.2.2.1) lib/active_support/tagged_logging.rb:28:in `tagged'
activesupport (5.2.2.1) lib/active_support/tagged_logging.rb:71:in `tagged'
railties (5.2.2.1) lib/rails/rack/logger.rb:26:in `call'
sprockets-rails (3.2.1) lib/sprockets/rails/quiet_assets.rb:13:in `call'
actionpack (5.2.2.1) lib/action_dispatch/middleware/remote_ip.rb:81:in `call'
actionpack (5.2.2.1) lib/action_dispatch/middleware/request_id.rb:27:in `call'
rack (2.0.6) lib/rack/method_override.rb:22:in `call'
rack (2.0.6) lib/rack/runtime.rb:22:in `call'
activesupport (5.2.2.1) lib/active_support/cache/strategy/local_cache_middleware.rb:29:in `call'
actionpack (5.2.2.1) lib/action_dispatch/middleware/executor.rb:14:in `call'
actionpack (5.2.2.1) lib/action_dispatch/middleware/static.rb:127:in `call'
rack (2.0.6) lib/rack/sendfile.rb:111:in `call'
railties (5.2.2.1) lib/rails/engine.rb:524:in `call'
puma (3.12.0) lib/puma/configuration.rb:225:in `call'
puma (3.12.0) lib/puma/server.rb:658:in `handle_request'
puma (3.12.0) lib/puma/server.rb:472:in `process_client'
puma (3.12.0) lib/puma/server.rb:332:in `block in run'
puma (3.12.0) lib/puma/thread_pool.rb:133:in `block in spawn_thread'
Started GET "/posts" for 127.0.0.1 at 2019-03-19 13:58:39 +0000
Processing by PostsController#index as HTML
  Rendering posts/index.html.erb within layouts/application
  [1m[36mPost Load (0.4ms)[0m  [1m[34mSELECT "posts".* FROM "posts"[0m
  ↳ app/views/posts/index.html.erb:5
  Rendered posts/index.html.erb within layouts/application (3.4ms)
Completed 200 OK in 27ms (Views: 24.1ms | ActiveRecord: 0.4ms)


Started GET "/posts" for 127.0.0.1 at 2019-03-19 14:00:08 +0000
Processing by PostsController#index as HTML
  Rendering posts/index.html.erb within layouts/application
  [1m[36mPost Load (0.2ms)[0m  [1m[34mSELECT "posts".* FROM "posts"[0m
  ↳ app/views/posts/index.html.erb:5
  Rendered posts/index.html.erb within layouts/application (8.5ms)
Completed 200 OK in 36ms (Views: 31.5ms | ActiveRecord: 0.8ms)


Started GET "/posts/7" for 127.0.0.1 at 2019-03-19 14:00:09 +0000
Processing by PostsController#show as HTML
  Parameters: {"id"=>"7"}
  [1m[36mPost Load (0.3ms)[0m  [1m[34mSELECT  "posts".* FROM "posts" WHERE "posts"."id" = ? LIMIT ?[0m  [["id", 7], ["LIMIT", 1]]
  ↳ app/controllers/posts_controller.rb:8
  Rendering posts/show.html.erb within layouts/application
  [1m[36mUser Load (0.4ms)[0m  [1m[34mSELECT  "users".* FROM "users" WHERE "users"."id" = ? LIMIT ?[0m  [["id", 2], ["LIMIT", 1]]
  ↳ app/views/posts/show.html.erb:6
  Rendered posts/show.html.erb within layouts/application (21.6ms)
Completed 200 OK in 56ms (Views: 47.3ms | ActiveRecord: 1.8ms)


Started GET "/posts" for 127.0.0.1 at 2019-03-19 14:00:13 +0000
Processing by PostsController#index as HTML
  Rendering posts/index.html.erb within layouts/application
  [1m[36mPost Load (0.2ms)[0m  [1m[34mSELECT "posts".* FROM "posts"[0m
  ↳ app/views/posts/index.html.erb:5
  Rendered posts/index.html.erb within layouts/application (2.9ms)
Completed 200 OK in 42ms (Views: 36.8ms | ActiveRecord: 0.2ms)


Started GET "/posts" for 127.0.0.1 at 2019-03-19 14:02:12 +0000
Processing by PostsController#index as HTML
  Rendering posts/index.html.erb within layouts/application
  [1m[36mPost Load (0.1ms)[0m  [1m[34mSELECT "posts".* FROM "posts"[0m
  ↳ app/views/posts/index.html.erb:6
  Rendered posts/index.html.erb within layouts/application (1.4ms)
Completed 200 OK in 39ms (Views: 37.3ms | ActiveRecord: 0.1ms)


Started GET "/posts" for 127.0.0.1 at 2019-03-19 14:02:48 +0000
Processing by PostsController#index as HTML
  Rendering posts/index.html.erb within layouts/application
  [1m[36mPost Load (0.2ms)[0m  [1m[34mSELECT "posts".* FROM "posts"[0m
  ↳ app/views/posts/index.html.erb:6
  Rendered posts/index.html.erb within layouts/application (1.7ms)
Completed 200 OK in 22ms (Views: 20.0ms | ActiveRecord: 0.2ms)


Started GET "/posts/new" for 127.0.0.1 at 2019-03-19 14:03:26 +0000
Processing by PostsController#new as HTML
  Rendering posts/new.html.erb within layouts/application
  Rendered posts/new.html.erb within layouts/application (0.5ms)
Completed 200 OK in 25ms (Views: 24.0ms | ActiveRecord: 0.0ms)


Started GET "/posts/new" for 127.0.0.1 at 2019-03-19 14:03:47 +0000
Processing by PostsController#new as HTML
  Rendering posts/new.html.erb within layouts/application
  Rendered posts/new.html.erb within layouts/application (0.4ms)
Completed 200 OK in 23ms (Views: 22.0ms | ActiveRecord: 0.0ms)


Started GET "/posts" for 127.0.0.1 at 2019-03-19 14:03:48 +0000
Processing by PostsController#index as HTML
  Rendering posts/index.html.erb within layouts/application
  [1m[36mPost Load (0.2ms)[0m  [1m[34mSELECT "posts".* FROM "posts"[0m
  ↳ app/views/posts/index.html.erb:6
  Rendered posts/index.html.erb within layouts/application (17.5ms)
Completed 200 OK in 45ms (Views: 38.6ms | ActiveRecord: 1.2ms)


Started GET "/posts/new" for 127.0.0.1 at 2019-03-19 14:03:52 +0000
Processing by PostsController#new as HTML
  Rendering posts/new.html.erb within layouts/application
  Rendered posts/new.html.erb within layouts/application (0.5ms)
Completed 200 OK in 52ms (Views: 49.6ms | ActiveRecord: 0.0ms)


Started GET "/posts/new" for 127.0.0.1 at 2019-03-19 14:06:28 +0000
Processing by PostsController#new as HTML
  Rendering posts/new.html.erb within layouts/application
  Rendered posts/new.html.erb within layouts/application (1.4ms)
Completed 500 Internal Server Error in 5ms (ActiveRecord: 0.0ms)


  
ActionView::Template::Error (First argument in form cannot contain nil or be empty):
    1: this is new post page
    2: 
    3: <%= form_for @post do |f| %>
    4:   <%= f.label :title %>
    5:   <%= f.text_field :title %>
    6:   <%= f.label :content %>
  
app/views/posts/new.html.erb:3:in `_app_views_posts_new_html_erb__3432260833467880555_70329811306940'
Started GET "/posts/new" for 127.0.0.1 at 2019-03-19 14:06:50 +0000
Processing by PostsController#new as HTML
  Rendering posts/new.html.erb within layouts/application
  Rendered posts/new.html.erb within layouts/application (15.7ms)
Completed 200 OK in 61ms (Views: 34.6ms | ActiveRecord: 0.9ms)


Started POST "/posts" for 127.0.0.1 at 2019-03-19 14:07:13 +0000
Processing by PostsController#create as HTML
  Parameters: {"utf8"=>"✓", "authenticity_token"=>"6kmHA0sr7bfpXFNv0eM2k4FHrHbJY4aTtU99HCLBNfx/j3IzIJPTLw2Q0QXkAlaIle6h6zzE8pSrs+J+eV0CbQ==", "post"=>{"title"=>"I don't know how to eat", "content"=>"adsjjafosdofidja oajsidf help me"}, "commit"=>"create a new post"}
No template found for PostsController#create, rendering head :no_content
Completed 204 No Content in 22061ms (ActiveRecord: 0.0ms)


  [1m[36mPost Load (0.4ms)[0m  [1m[34mSELECT  "posts".* FROM "posts" ORDER BY "posts"."id" DESC LIMIT ?[0m  [["LIMIT", 1]]
  [1m[36mPost Load (0.2ms)[0m  [1m[34mSELECT  "posts".* FROM "posts" LIMIT ?[0m  [["LIMIT", 11]]
Started GET "/posts/new" for 127.0.0.1 at 2019-03-19 14:09:36 +0000
Processing by PostsController#new as HTML
  Rendering posts/new.html.erb within layouts/application
  Rendered posts/new.html.erb within layouts/application (1.5ms)
Completed 200 OK in 47ms (Views: 34.8ms | ActiveRecord: 0.8ms)


Started POST "/posts" for 127.0.0.1 at 2019-03-19 14:09:41 +0000
Processing by PostsController#create as HTML
  Parameters: {"utf8"=>"✓", "authenticity_token"=>"yB8w9u7woJ2schGl1dvEC+fLOl540GsvehHs4Ckr2edd2cXGhUieBUi+k8/gOqQQ82I3w413Hyhk7XOCcrfudg==", "post"=>{"title"=>"I don't know how to eat", "content"=>"help me"}, "commit"=>"create a new post"}
  [1m[35m (0.1ms)[0m  [1m[36mbegin transaction[0m
  ↳ app/controllers/posts_controller.rb:17
  [1m[35m (0.1ms)[0m  [1m[31mrollback transaction[0m
  ↳ app/controllers/posts_controller.rb:17
No template found for PostsController#create, rendering head :no_content
Completed 204 No Content in 10604ms (ActiveRecord: 0.2ms)


Started GET "/posts" for 127.0.0.1 at 2019-03-19 14:10:08 +0000
Processing by PostsController#index as HTML
  Rendering posts/index.html.erb within layouts/application
  [1m[36mPost Load (0.2ms)[0m  [1m[34mSELECT "posts".* FROM "posts"[0m
  ↳ app/views/posts/index.html.erb:6
  Rendered posts/index.html.erb within layouts/application (2.5ms)
Completed 200 OK in 35ms (Views: 31.1ms | ActiveRecord: 0.2ms)


Started GET "/posts/new" for 127.0.0.1 at 2019-03-19 14:10:16 +0000
Processing by PostsController#new as HTML
  Rendering posts/new.html.erb within layouts/application
  Rendered posts/new.html.erb within layouts/application (2.4ms)
Completed 200 OK in 45ms (Views: 39.1ms | ActiveRecord: 0.0ms)


Started POST "/posts" for 127.0.0.1 at 2019-03-19 14:10:19 +0000
Processing by PostsController#create as HTML
  Parameters: {"utf8"=>"✓", "authenticity_token"=>"0Niyxyqf9LCEPLmH0lZS+tAOsy6XLKeU45bwaEGJm7MY63nAjrnfVT4FAm7ZE7x6q14uu3vJKY7DeLYCgTJDCQ==", "post"=>{"title"=>"dasoidsjao", "content"=>"afdsfdsa"}, "commit"=>"create a new post"}
  [1m[35m (0.2ms)[0m  [1m[36mbegin transaction[0m
  ↳ app/controllers/posts_controller.rb:17
  [1m[35m (0.2ms)[0m  [1m[31mrollback transaction[0m
  ↳ app/controllers/posts_controller.rb:17
No template found for PostsController#create, rendering head :no_content
Completed 204 No Content in 17787ms (ActiveRecord: 0.3ms)


Started GET "/posts/new" for 127.0.0.1 at 2019-03-19 14:10:43 +0000
Processing by PostsController#new as HTML
  Rendering posts/new.html.erb within layouts/application
  Rendered posts/new.html.erb within layouts/application (1.9ms)
Completed 200 OK in 28ms (Views: 16.9ms | ActiveRecord: 0.7ms)


Started POST "/posts" for 127.0.0.1 at 2019-03-19 14:10:46 +0000
Processing by PostsController#create as HTML
  Parameters: {"utf8"=>"✓", "authenticity_token"=>"oCpt9KiwfKJrf6sXSHtFHUFRUxS5SBSLdGupzUGyHrI17JjEwwhCOo+zKX19miUGVfheiUzvYIxqlzavGi4pIw==", "post"=>{"title"=>"rails is pretty dope", "content"=>"afadfs"}, "commit"=>"create a new post"}
  [1m[35m (0.1ms)[0m  [1m[36mbegin transaction[0m
  ↳ app/controllers/posts_controller.rb:16
  [1m[35m (0.1ms)[0m  [1m[31mrollback transaction[0m
  ↳ app/controllers/posts_controller.rb:16
Completed 500 Internal Server Error in 80149ms (ActiveRecord: 0.1ms)


  
SystemExit (exit):
  
(byebug):1:in `exit'
(byebug):1:in `create'
app/controllers/posts_controller.rb:18:in `create'
Started POST "/posts" for 127.0.0.1 at 2019-03-19 14:13:35 +0000
  [1m[35m (0.1ms)[0m  [1m[34mSELECT "schema_migrations"."version" FROM "schema_migrations" ORDER BY "schema_migrations"."version" ASC[0m
  ↳ /Users/dkaczmarczyk/.rvm/gems/ruby-2.6.1/gems/activerecord-5.2.2.1/lib/active_record/log_subscriber.rb:98
Processing by PostsController#create as HTML
  Parameters: {"utf8"=>"✓", "authenticity_token"=>"oCpt9KiwfKJrf6sXSHtFHUFRUxS5SBSLdGupzUGyHrI17JjEwwhCOo+zKX19miUGVfheiUzvYIxqlzavGi4pIw==", "post"=>{"title"=>"rails is pretty dope", "content"=>"afadfs"}, "commit"=>"create a new post"}
  [1m[35m (0.0ms)[0m  [1m[36mbegin transaction[0m
  ↳ app/controllers/posts_controller.rb:16
  [1m[35m (0.1ms)[0m  [1m[31mrollback transaction[0m
  ↳ app/controllers/posts_controller.rb:16
Started GET "/posts/new" for 127.0.0.1 at 2019-03-19 14:13:42 +0000
Processing by PostsController#new as HTML
  Rendering posts/new.html.erb within layouts/application
  Rendered posts/new.html.erb within layouts/application (12.5ms)
Completed 500 Internal Server Error in 22ms (ActiveRecord: 0.5ms)


  
ActionView::Template::Error (undefined method `each' for #<Class:0x00007f85a3d2e260>):
     7:   <%= f.text_area :content %>
     8: 
     9:   <select name="post[user_id]">
    10:     <% User.each do |user| %>
    11:       <option value="<%= user.id %>">
    12:         <%= user.name %>
    13:       </option>
  
app/views/posts/new.html.erb:10:in `block in _app_views_posts_new_html_erb___1037938057605679043_70105985066020'
app/views/posts/new.html.erb:3:in `_app_views_posts_new_html_erb___1037938057605679043_70105985066020'
No template found for PostsController#create, rendering head :no_content
Completed 204 No Content in 6907ms (ActiveRecord: 0.6ms)


Started GET "/posts/new" for 127.0.0.1 at 2019-03-19 14:14:00 +0000
Processing by PostsController#new as HTML
  Rendering posts/new.html.erb within layouts/application
  [1m[36mUser Load (0.2ms)[0m  [1m[34mSELECT "users".* FROM "users"[0m
  ↳ app/views/posts/new.html.erb:10
  Rendered posts/new.html.erb within layouts/application (10.0ms)
Completed 200 OK in 246ms (Views: 235.5ms | ActiveRecord: 2.2ms)


  [1m[36mUser Load (0.3ms)[0m  [1m[34mSELECT  "users".* FROM "users" LIMIT ?[0m  [["LIMIT", 11]]
  [1m[35m (0.1ms)[0m  [1m[36mbegin transaction[0m
  [1m[36mUser Create (0.5ms)[0m  [1m[32mINSERT INTO "users" ("name", "created_at", "updated_at") VALUES (?, ?, ?)[0m  [["name", "dan"], ["created_at", "2019-03-19 14:14:12.765436"], ["updated_at", "2019-03-19 14:14:12.765436"]]
  [1m[35m (2.7ms)[0m  [1m[36mcommit transaction[0m
Started GET "/posts/new" for 127.0.0.1 at 2019-03-19 14:14:13 +0000
Processing by PostsController#new as HTML
  Rendering posts/new.html.erb within layouts/application
  [1m[36mUser Load (0.3ms)[0m  [1m[34mSELECT "users".* FROM "users"[0m
  ↳ app/views/posts/new.html.erb:10
  Rendered posts/new.html.erb within layouts/application (3.5ms)
Completed 200 OK in 27ms (Views: 23.7ms | ActiveRecord: 0.3ms)


Started POST "/posts" for 127.0.0.1 at 2019-03-19 14:14:20 +0000
Processing by PostsController#create as HTML
  Parameters: {"utf8"=>"✓", "authenticity_token"=>"mEDr0kiju1pT4PNBUa6m5qMsxScM/W2aW0hUC++7FA0Nhh7iIxuFwrcscStkT8b9t4XIuvlaGZ1FtMtptCcjnA==", "post"=>{"title"=>"I don't know how to eat", "content"=>"help", "user_id"=>"4"}, "commit"=>"create a new post"}
  [1m[35m (0.1ms)[0m  [1m[36mbegin transaction[0m
  ↳ app/controllers/posts_controller.rb:16
  [1m[36mUser Load (0.2ms)[0m  [1m[34mSELECT  "users".* FROM "users" WHERE "users"."id" = ? LIMIT ?[0m  [["id", 4], ["LIMIT", 1]]
  ↳ app/controllers/posts_controller.rb:16
  [1m[36mPost Create (0.6ms)[0m  [1m[32mINSERT INTO "posts" ("title", "content", "user_id", "created_at", "updated_at") VALUES (?, ?, ?, ?, ?)[0m  [["title", "I don't know how to eat"], ["content", "help"], ["user_id", 4], ["created_at", "2019-03-19 14:14:20.772418"], ["updated_at", "2019-03-19 14:14:20.772418"]]
  ↳ app/controllers/posts_controller.rb:16
  [1m[35m (1.2ms)[0m  [1m[36mcommit transaction[0m
  ↳ app/controllers/posts_controller.rb:16
No template found for PostsController#create, rendering head :no_content
Completed 204 No Content in 61ms (ActiveRecord: 2.0ms)


  [1m[36mPost Load (0.2ms)[0m  [1m[34mSELECT  "posts".* FROM "posts" ORDER BY "posts"."id" DESC LIMIT ?[0m  [["LIMIT", 1]]
Started GET "/posts" for 127.0.0.1 at 2019-03-19 14:14:33 +0000
Processing by PostsController#index as HTML
  Rendering posts/index.html.erb within layouts/application
  [1m[36mPost Load (0.2ms)[0m  [1m[34mSELECT "posts".* FROM "posts"[0m
  ↳ app/views/posts/index.html.erb:6
  Rendered posts/index.html.erb within layouts/application (4.3ms)
Completed 200 OK in 55ms (Views: 49.8ms | ActiveRecord: 0.2ms)


Started GET "/posts/10" for 127.0.0.1 at 2019-03-19 14:14:34 +0000
Processing by PostsController#show as HTML
  Parameters: {"id"=>"10"}
  [1m[36mPost Load (0.2ms)[0m  [1m[34mSELECT  "posts".* FROM "posts" WHERE "posts"."id" = ? LIMIT ?[0m  [["id", 10], ["LIMIT", 1]]
  ↳ app/controllers/posts_controller.rb:8
  Rendering posts/show.html.erb within layouts/application
  [1m[36mUser Load (0.2ms)[0m  [1m[34mSELECT  "users".* FROM "users" WHERE "users"."id" = ? LIMIT ?[0m  [["id", 4], ["LIMIT", 1]]
  ↳ app/views/posts/show.html.erb:6
  Rendered posts/show.html.erb within layouts/application (5.6ms)
Completed 200 OK in 75ms (Views: 68.6ms | ActiveRecord: 0.5ms)


Started GET "/posts" for 127.0.0.1 at 2019-03-19 14:14:39 +0000
Processing by PostsController#index as HTML
  Rendering posts/index.html.erb within layouts/application
  [1m[36mPost Load (0.3ms)[0m  [1m[34mSELECT "posts".* FROM "posts"[0m
  ↳ app/views/posts/index.html.erb:6
  Rendered posts/index.html.erb within layouts/application (2.3ms)
Completed 200 OK in 51ms (Views: 48.1ms | ActiveRecord: 0.3ms)


Started GET "/posts/new" for 127.0.0.1 at 2019-03-19 14:15:40 +0000
Processing by PostsController#new as HTML
  Rendering posts/new.html.erb within layouts/application
  [1m[36mUser Load (0.3ms)[0m  [1m[34mSELECT "users".* FROM "users"[0m
  ↳ app/views/posts/new.html.erb:10
  Rendered posts/new.html.erb within layouts/application (14.0ms)
Completed 200 OK in 46ms (Views: 34.1ms | ActiveRecord: 1.6ms)


Started POST "/posts" for 127.0.0.1 at 2019-03-19 14:15:45 +0000
Processing by PostsController#create as HTML
  Parameters: {"utf8"=>"✓", "authenticity_token"=>"irnPTr+XrleiUz3JUH9fQwDNReHv8hqrHV/gIg2sRVtCigRJG7GFshhqhiBbOrHDe53YdAMXlLE9saZIzRed4Q==", "post"=>{"title"=>"yes", "content"=>"no", "user_id"=>"4"}, "commit"=>"create a new post"}
  [1m[35m (0.1ms)[0m  [1m[36mbegin transaction[0m
  ↳ app/controllers/posts_controller.rb:16
  [1m[36mUser Load (0.2ms)[0m  [1m[34mSELECT  "users".* FROM "users" WHERE "users"."id" = ? LIMIT ?[0m  [["id", 4], ["LIMIT", 1]]
  ↳ app/controllers/posts_controller.rb:16
  [1m[36mPost Create (0.7ms)[0m  [1m[32mINSERT INTO "posts" ("title", "content", "user_id", "created_at", "updated_at") VALUES (?, ?, ?, ?, ?)[0m  [["title", "yes"], ["content", "no"], ["user_id", 4], ["created_at", "2019-03-19 14:15:45.822036"], ["updated_at", "2019-03-19 14:15:45.822036"]]
  ↳ app/controllers/posts_controller.rb:16
  [1m[35m (1.5ms)[0m  [1m[36mcommit transaction[0m
  ↳ app/controllers/posts_controller.rb:16
Redirected to http://localhost:3000/posts/11
Completed 302 Found in 12ms (ActiveRecord: 2.5ms)


Started GET "/posts/11" for 127.0.0.1 at 2019-03-19 14:15:45 +0000
Processing by PostsController#show as HTML
  Parameters: {"id"=>"11"}
  [1m[36mPost Load (0.2ms)[0m  [1m[34mSELECT  "posts".* FROM "posts" WHERE "posts"."id" = ? LIMIT ?[0m  [["id", 11], ["LIMIT", 1]]
  ↳ app/controllers/posts_controller.rb:8
  Rendering posts/show.html.erb within layouts/application
  [1m[36mUser Load (0.1ms)[0m  [1m[34mSELECT  "users".* FROM "users" WHERE "users"."id" = ? LIMIT ?[0m  [["id", 4], ["LIMIT", 1]]
  ↳ app/views/posts/show.html.erb:6
  Rendered posts/show.html.erb within layouts/application (1.8ms)
Completed 200 OK in 22ms (Views: 18.4ms | ActiveRecord: 0.4ms)


Started GET "/posts" for 127.0.0.1 at 2019-03-19 14:15:53 +0000
Processing by PostsController#index as HTML
  Rendering posts/index.html.erb within layouts/application
  [1m[36mPost Load (0.3ms)[0m  [1m[34mSELECT "posts".* FROM "posts"[0m
  ↳ app/views/posts/index.html.erb:6
  Rendered posts/index.html.erb within layouts/application (2.7ms)
Completed 200 OK in 36ms (Views: 32.1ms | ActiveRecord: 0.3ms)


Started GET "/posts/new" for 127.0.0.1 at 2019-03-19 14:15:57 +0000
Processing by PostsController#new as HTML
  Rendering posts/new.html.erb within layouts/application
  [1m[36mUser Load (0.2ms)[0m  [1m[34mSELECT "users".* FROM "users"[0m
  ↳ app/views/posts/new.html.erb:10
  Rendered posts/new.html.erb within layouts/application (4.0ms)
Completed 200 OK in 38ms (Views: 33.4ms | ActiveRecord: 0.2ms)


Started GET "/posts/new" for 127.0.0.1 at 2019-03-19 14:17:44 +0000
Processing by PostsController#new as HTML
  Rendering posts/new.html.erb within layouts/application
  [1m[36mUser Load (0.1ms)[0m  [1m[34mSELECT "users".* FROM "users"[0m
  ↳ app/views/posts/new.html.erb:10
  Rendered posts/new.html.erb within layouts/application (6.5ms)
Completed 200 OK in 38ms (Views: 24.3ms | ActiveRecord: 1.6ms)


  [1m[36mUser Load (0.2ms)[0m  [1m[34mSELECT  "users".* FROM "users" ORDER BY "users"."id" ASC LIMIT ?[0m  [["LIMIT", 1]]
  [1m[36mUser Load (0.3ms)[0m  [1m[34mSELECT  "users".* FROM "users" ORDER BY "users"."id" ASC LIMIT ?[0m  [["LIMIT", 1]]
Started GET "/posts/new" for 127.0.0.1 at 2019-03-19 14:23:19 +0000
Processing by PostsController#new as HTML
  Rendering posts/new.html.erb within layouts/application
  [1m[36mUser Load (0.2ms)[0m  [1m[34mSELECT "users".* FROM "users"[0m
  ↳ app/views/posts/new.html.erb:10
  Rendered posts/new.html.erb within layouts/application (7.3ms)
Completed 500 Internal Server Error in 21ms (ActiveRecord: 1.6ms)


  
ActionView::Template::Error (wrong number of arguments (given 4, expected 5..7)):
    14:     <% end %>
    15:   <select>
    16: 
    17:   <%= collection_select :user_id, @users, :id, :name %>
    18: 
    19: 
    20:   <%= f.submit 'create a new post' %>
  
app/views/posts/new.html.erb:17:in `block in _app_views_posts_new_html_erb___1037938057605679043_70106024630260'
app/views/posts/new.html.erb:3:in `_app_views_posts_new_html_erb___1037938057605679043_70106024630260'
Started GET "/posts/new" for 127.0.0.1 at 2019-03-19 14:23:41 +0000
Processing by PostsController#new as HTML
  Rendering posts/new.html.erb within layouts/application
  [1m[36mUser Load (0.3ms)[0m  [1m[34mSELECT "users".* FROM "users"[0m
  ↳ app/views/posts/new.html.erb:10
  Rendered posts/new.html.erb within layouts/application (6.5ms)
Completed 200 OK in 26ms (Views: 24.5ms | ActiveRecord: 0.3ms)


Started GET "/posts/new" for 127.0.0.1 at 2019-03-19 14:24:30 +0000
Processing by PostsController#new as HTML
  Rendering posts/new.html.erb within layouts/application
  [1m[36mUser Load (0.2ms)[0m  [1m[34mSELECT "users".* FROM "users"[0m
  ↳ app/views/posts/new.html.erb:9
  Rendered posts/new.html.erb within layouts/application (3.7ms)
Completed 200 OK in 24ms (Views: 22.2ms | ActiveRecord: 0.2ms)


Started POST "/posts" for 127.0.0.1 at 2019-03-19 14:24:41 +0000
Processing by PostsController#create as HTML
  Parameters: {"utf8"=>"✓", "authenticity_token"=>"32WofaOx9EXiE3uWC4ZU9gDfxTVk7p99lo70u47lar9Ko11NyAnK3Qbf+fw+ZzTtFHbIqJFJ63qIcmvZ1XldLg==", "post"=>{"title"=>"just testing my syntax", "content"=>"does it work?", "user_id"=>"4"}, "commit"=>"create a new post"}
  [1m[35m (0.1ms)[0m  [1m[36mbegin transaction[0m
  ↳ app/controllers/posts_controller.rb:17
  [1m[36mUser Load (0.2ms)[0m  [1m[34mSELECT  "users".* FROM "users" WHERE "users"."id" = ? LIMIT ?[0m  [["id", 4], ["LIMIT", 1]]
  ↳ app/controllers/posts_controller.rb:17
  [1m[36mPost Create (0.5ms)[0m  [1m[32mINSERT INTO "posts" ("title", "content", "user_id", "created_at", "updated_at") VALUES (?, ?, ?, ?, ?)[0m  [["title", "just testing my syntax"], ["content", "does it work?"], ["user_id", 4], ["created_at", "2019-03-19 14:24:41.736461"], ["updated_at", "2019-03-19 14:24:41.736461"]]
  ↳ app/controllers/posts_controller.rb:17
  [1m[35m (0.9ms)[0m  [1m[36mcommit transaction[0m
  ↳ app/controllers/posts_controller.rb:17
Redirected to http://localhost:3000/posts/12
Completed 302 Found in 9ms (ActiveRecord: 1.6ms)


Started GET "/posts/12" for 127.0.0.1 at 2019-03-19 14:24:41 +0000
Processing by PostsController#show as HTML
  Parameters: {"id"=>"12"}
  [1m[36mPost Load (0.2ms)[0m  [1m[34mSELECT  "posts".* FROM "posts" WHERE "posts"."id" = ? LIMIT ?[0m  [["id", 12], ["LIMIT", 1]]
  ↳ app/controllers/posts_controller.rb:8
  Rendering posts/show.html.erb within layouts/application
  [1m[36mUser Load (0.2ms)[0m  [1m[34mSELECT  "users".* FROM "users" WHERE "users"."id" = ? LIMIT ?[0m  [["id", 4], ["LIMIT", 1]]
  ↳ app/views/posts/show.html.erb:6
  Rendered posts/show.html.erb within layouts/application (2.0ms)
Completed 200 OK in 24ms (Views: 21.7ms | ActiveRecord: 0.4ms)


Started GET "/posts" for 127.0.0.1 at 2019-03-19 14:24:47 +0000
Processing by PostsController#index as HTML
  Rendering posts/index.html.erb within layouts/application
  [1m[36mPost Load (0.3ms)[0m  [1m[34mSELECT "posts".* FROM "posts"[0m
  ↳ app/views/posts/index.html.erb:6
  Rendered posts/index.html.erb within layouts/application (2.6ms)
Completed 200 OK in 26ms (Views: 24.0ms | ActiveRecord: 0.3ms)


